mode: set
newrelic-grafana-plugin/pkg/api/client/client.go:17.38,18.18 1 0
newrelic-grafana-plugin/pkg/api/client/client.go:18.18,20.3 1 0
newrelic-grafana-plugin/pkg/api/client/client.go:21.2,21.57 1 0
newrelic-grafana-plugin/pkg/api/client/client.go:24.38,26.2 1 0
newrelic-grafana-plugin/pkg/api/client/client.go:38.104,40.2 1 0
newrelic-grafana-plugin/pkg/api/client/client.go:44.82,45.18 1 0
newrelic-grafana-plugin/pkg/api/client/client.go:45.18,47.3 1 0
newrelic-grafana-plugin/pkg/api/client/client.go:49.2,50.16 2 0
newrelic-grafana-plugin/pkg/api/client/client.go:50.16,52.3 1 0
newrelic-grafana-plugin/pkg/api/client/client.go:53.2,53.20 1 0
newrelic-grafana-plugin/pkg/api/query/executor.go:21.41,22.18 1 0
newrelic-grafana-plugin/pkg/api/query/executor.go:22.18,24.3 1 0
newrelic-grafana-plugin/pkg/api/query/executor.go:25.2,25.79 1 0
newrelic-grafana-plugin/pkg/api/query/executor.go:28.41,30.2 1 0
newrelic-grafana-plugin/pkg/api/query/executor.go:38.66,40.2 1 0
newrelic-grafana-plugin/pkg/api/query/executor.go:44.113,45.23 1 0
newrelic-grafana-plugin/pkg/api/query/executor.go:45.23,47.3 1 0
newrelic-grafana-plugin/pkg/api/query/executor.go:48.2,48.17 1 0
newrelic-grafana-plugin/pkg/api/query/executor.go:48.17,50.3 1 0
newrelic-grafana-plugin/pkg/api/query/executor.go:51.2,51.20 1 0
newrelic-grafana-plugin/pkg/api/query/executor.go:51.20,53.3 1 0
newrelic-grafana-plugin/pkg/api/query/executor.go:55.2,57.16 3 0
newrelic-grafana-plugin/pkg/api/query/executor.go:57.16,59.3 1 0
newrelic-grafana-plugin/pkg/api/query/executor.go:60.2,60.21 1 0
newrelic-grafana-plugin/pkg/main.go:12.13,21.116 1 0
newrelic-grafana-plugin/pkg/main.go:21.116,24.3 2 0
newrelic-grafana-plugin/pkg/config/settings.go:19.40,20.18 1 0
newrelic-grafana-plugin/pkg/config/settings.go:20.18,21.18 1 0
newrelic-grafana-plugin/pkg/config/settings.go:21.18,23.4 1 0
newrelic-grafana-plugin/pkg/config/settings.go:24.3,24.34 1 0
newrelic-grafana-plugin/pkg/config/settings.go:26.2,26.34 1 0
newrelic-grafana-plugin/pkg/config/settings.go:29.40,31.2 1 0
newrelic-grafana-plugin/pkg/config/settings.go:47.81,50.16 3 0
newrelic-grafana-plugin/pkg/config/settings.go:50.16,52.3 1 0
newrelic-grafana-plugin/pkg/config/settings.go:54.2,55.16 2 0
newrelic-grafana-plugin/pkg/config/settings.go:55.16,57.3 1 0
newrelic-grafana-plugin/pkg/config/settings.go:59.2,60.23 2 0
newrelic-grafana-plugin/pkg/config/settings.go:64.76,66.18 2 0
newrelic-grafana-plugin/pkg/config/settings.go:66.18,68.3 1 0
newrelic-grafana-plugin/pkg/config/settings.go:70.2,71.24 2 0
newrelic-grafana-plugin/pkg/config/settings.go:71.24,73.3 1 0
newrelic-grafana-plugin/pkg/config/settings.go:75.2,76.16 2 0
newrelic-grafana-plugin/pkg/config/settings.go:76.16,78.3 1 0
newrelic-grafana-plugin/pkg/config/settings.go:80.2,83.8 1 0
newrelic-grafana-plugin/pkg/client/client_factory.go:25.112,29.2 1 0
newrelic-grafana-plugin/pkg/client/newrelic_client.go:21.35,29.2 1 1
newrelic-grafana-plugin/pkg/client/newrelic_client.go:38.46,39.18 1 1
newrelic-grafana-plugin/pkg/client/newrelic_client.go:39.18,41.3 1 1
newrelic-grafana-plugin/pkg/client/newrelic_client.go:42.2,42.57 1 1
newrelic-grafana-plugin/pkg/client/newrelic_client.go:46.46,48.2 1 1
newrelic-grafana-plugin/pkg/client/newrelic_client.go:55.101,57.18 1 1
newrelic-grafana-plugin/pkg/client/newrelic_client.go:57.18,59.3 1 1
newrelic-grafana-plugin/pkg/client/newrelic_client.go:63.2,64.16 2 1
newrelic-grafana-plugin/pkg/client/newrelic_client.go:64.16,67.3 1 1
newrelic-grafana-plugin/pkg/client/newrelic_client.go:68.2,68.20 1 1
newrelic-grafana-plugin/pkg/client/newrelic_client.go:73.96,74.25 1 1
newrelic-grafana-plugin/pkg/client/newrelic_client.go:74.25,76.3 1 1
newrelic-grafana-plugin/pkg/client/newrelic_client.go:78.2,85.16 3 1
newrelic-grafana-plugin/pkg/client/newrelic_client.go:85.16,87.3 1 1
newrelic-grafana-plugin/pkg/client/newrelic_client.go:88.2,88.20 1 1
newrelic-grafana-plugin/pkg/health/checker.go:33.130,39.16 3 0
newrelic-grafana-plugin/pkg/health/checker.go:39.16,45.3 2 0
newrelic-grafana-plugin/pkg/health/checker.go:49.2,50.16 2 0
newrelic-grafana-plugin/pkg/health/checker.go:50.16,57.3 2 0
newrelic-grafana-plugin/pkg/health/checker.go:60.2,66.21 3 0
newrelic-grafana-plugin/pkg/health/checker.go:66.21,75.3 2 0
newrelic-grafana-plugin/pkg/health/checker.go:78.2,80.26 2 0
newrelic-grafana-plugin/pkg/health/checker.go:83.135,86.2 1 0
newrelic-grafana-plugin/pkg/nrdbiface/nrdbiface.go:25.133,27.2 1 0
newrelic-grafana-plugin/pkg/utils/timeutils.go:15.77,24.2 5 0
newrelic-grafana-plugin/pkg/utils/timeutils.go:27.85,39.44 4 0
newrelic-grafana-plugin/pkg/utils/timeutils.go:39.44,41.3 1 0
newrelic-grafana-plugin/pkg/utils/timeutils.go:44.2,45.41 2 0
newrelic-grafana-plugin/pkg/utils/timeutils.go:45.41,48.3 2 0
newrelic-grafana-plugin/pkg/utils/timeutils.go:51.2,52.39 2 0
newrelic-grafana-plugin/pkg/utils/timeutils.go:52.39,55.3 2 0
newrelic-grafana-plugin/pkg/utils/timeutils.go:57.2,57.15 1 0
newrelic-grafana-plugin/pkg/utils/timeutils.go:61.64,64.9 2 0
newrelic-grafana-plugin/pkg/utils/timeutils.go:65.29,66.16 1 0
newrelic-grafana-plugin/pkg/utils/timeutils.go:67.31,68.14 1 0
newrelic-grafana-plugin/pkg/utils/timeutils.go:69.32,70.15 1 0
newrelic-grafana-plugin/pkg/utils/timeutils.go:71.34,72.14 1 0
newrelic-grafana-plugin/pkg/utils/timeutils.go:73.10,74.14 1 0
newrelic-grafana-plugin/pkg/utils/timeutils.go:79.60,95.55 2 0
newrelic-grafana-plugin/pkg/utils/timeutils.go:95.55,97.3 1 0
newrelic-grafana-plugin/pkg/utils/timeutils.go:100.2,102.23 3 0
newrelic-grafana-plugin/pkg/utils/timeutils.go:102.23,104.17 2 0
newrelic-grafana-plugin/pkg/utils/timeutils.go:104.17,106.16 2 0
newrelic-grafana-plugin/pkg/utils/timeutils.go:107.13,108.48 1 0
newrelic-grafana-plugin/pkg/utils/timeutils.go:109.13,110.46 1 0
newrelic-grafana-plugin/pkg/utils/timeutils.go:111.13,112.45 1 0
newrelic-grafana-plugin/pkg/utils/timeutils.go:117.2,117.21 1 0
newrelic-grafana-plugin/pkg/utils/timeutils.go:121.49,131.35 2 0
newrelic-grafana-plugin/pkg/utils/timeutils.go:131.35,133.14 2 0
newrelic-grafana-plugin/pkg/utils/timeutils.go:133.14,135.4 1 0
newrelic-grafana-plugin/pkg/utils/timeutils.go:138.2,138.14 1 0
newrelic-grafana-plugin/pkg/utils/timeutils.go:142.85,144.40 1 0
newrelic-grafana-plugin/pkg/utils/timeutils.go:144.40,146.3 1 0
newrelic-grafana-plugin/pkg/utils/timeutils.go:149.2,150.39 2 0
newrelic-grafana-plugin/pkg/utils/timeutils.go:150.39,159.37 5 0
newrelic-grafana-plugin/pkg/utils/timeutils.go:159.37,160.79 1 0
newrelic-grafana-plugin/pkg/utils/timeutils.go:160.79,162.5 1 0
newrelic-grafana-plugin/pkg/utils/timeutils.go:163.9,165.4 1 0
newrelic-grafana-plugin/pkg/utils/timeutils.go:167.3,167.16 1 0
newrelic-grafana-plugin/pkg/utils/timeutils.go:171.2,172.93 2 0
newrelic-grafana-plugin/pkg/testutil/testutil.go:17.30,19.2 1 0
newrelic-grafana-plugin/pkg/testutil/testutil.go:22.82,42.2 5 0
newrelic-grafana-plugin/pkg/testutil/testutil.go:45.90,56.2 2 0
newrelic-grafana-plugin/pkg/testutil/testutil.go:59.82,63.37 3 0
newrelic-grafana-plugin/pkg/testutil/testutil.go:63.37,65.3 1 0
newrelic-grafana-plugin/pkg/testutil/testutil.go:69.112,74.2 2 0
newrelic-grafana-plugin/pkg/formatter/formatter.go:20.59,22.2 1 1
newrelic-grafana-plugin/pkg/formatter/formatter.go:26.107,34.31 4 1
newrelic-grafana-plugin/pkg/formatter/formatter.go:34.31,36.3 1 1
newrelic-grafana-plugin/pkg/formatter/formatter.go:39.2,39.33 1 1
newrelic-grafana-plugin/pkg/formatter/formatter.go:39.33,41.3 1 1
newrelic-grafana-plugin/pkg/formatter/formatter.go:41.8,41.41 1 1
newrelic-grafana-plugin/pkg/formatter/formatter.go:41.41,43.3 1 1
newrelic-grafana-plugin/pkg/formatter/formatter.go:43.8,45.3 1 1
newrelic-grafana-plugin/pkg/formatter/formatter.go:49.65,53.2 1 1
newrelic-grafana-plugin/pkg/formatter/formatter.go:56.66,60.2 1 1
newrelic-grafana-plugin/pkg/formatter/formatter.go:63.111,83.2 7 1
newrelic-grafana-plugin/pkg/formatter/formatter.go:86.85,105.2 7 1
newrelic-grafana-plugin/pkg/formatter/formatter.go:108.63,110.66 2 1
newrelic-grafana-plugin/pkg/formatter/formatter.go:110.66,112.3 1 1
newrelic-grafana-plugin/pkg/formatter/formatter.go:113.2,113.14 1 1
newrelic-grafana-plugin/pkg/formatter/formatter.go:117.112,135.2 7 1
newrelic-grafana-plugin/pkg/formatter/formatter.go:138.68,140.36 2 1
newrelic-grafana-plugin/pkg/formatter/formatter.go:140.36,142.3 1 1
newrelic-grafana-plugin/pkg/formatter/formatter.go:143.2,143.19 1 1
newrelic-grafana-plugin/pkg/formatter/formatter.go:147.114,151.39 3 1
newrelic-grafana-plugin/pkg/formatter/formatter.go:151.39,153.3 1 1
newrelic-grafana-plugin/pkg/formatter/formatter.go:155.2,155.41 1 1
newrelic-grafana-plugin/pkg/formatter/formatter.go:155.41,157.67 1 1
newrelic-grafana-plugin/pkg/formatter/formatter.go:157.67,159.4 1 1
newrelic-grafana-plugin/pkg/formatter/formatter.go:162.3,162.57 1 1
newrelic-grafana-plugin/pkg/formatter/formatter.go:165.2,165.28 1 1
newrelic-grafana-plugin/pkg/formatter/formatter.go:169.121,170.72 1 1
newrelic-grafana-plugin/pkg/formatter/formatter.go:170.72,171.41 1 1
newrelic-grafana-plugin/pkg/formatter/formatter.go:171.41,172.27 1 1
newrelic-grafana-plugin/pkg/formatter/formatter.go:172.27,173.46 1 1
newrelic-grafana-plugin/pkg/formatter/formatter.go:173.46,175.6 1 1
newrelic-grafana-plugin/pkg/formatter/formatter.go:175.11,177.6 1 0
newrelic-grafana-plugin/pkg/formatter/formatter.go:180.8,180.58 1 0
newrelic-grafana-plugin/pkg/formatter/formatter.go:180.58,183.3 1 0
newrelic-grafana-plugin/pkg/formatter/formatter.go:187.112,191.39 2 1
newrelic-grafana-plugin/pkg/formatter/formatter.go:191.39,194.3 1 1
newrelic-grafana-plugin/pkg/formatter/formatter.go:197.2,204.19 3 1
newrelic-grafana-plugin/pkg/formatter/formatter.go:208.142,213.28 3 1
newrelic-grafana-plugin/pkg/formatter/formatter.go:213.28,215.3 1 1
newrelic-grafana-plugin/pkg/formatter/formatter.go:218.2,222.39 2 1
newrelic-grafana-plugin/pkg/formatter/formatter.go:222.39,225.3 1 1
newrelic-grafana-plugin/pkg/formatter/formatter.go:228.2,236.24 3 1
newrelic-grafana-plugin/pkg/formatter/formatter.go:240.108,256.2 8 1
newrelic-grafana-plugin/pkg/formatter/formatter.go:259.68,261.41 2 1
newrelic-grafana-plugin/pkg/formatter/formatter.go:261.41,262.27 1 1
newrelic-grafana-plugin/pkg/formatter/formatter.go:262.27,263.39 1 1
newrelic-grafana-plugin/pkg/formatter/formatter.go:263.39,265.5 1 1
newrelic-grafana-plugin/pkg/formatter/formatter.go:269.2,270.33 2 1
newrelic-grafana-plugin/pkg/formatter/formatter.go:270.33,272.3 1 1
newrelic-grafana-plugin/pkg/formatter/formatter.go:274.2,274.19 1 1
newrelic-grafana-plugin/pkg/formatter/formatter.go:278.94,280.41 2 1
newrelic-grafana-plugin/pkg/formatter/formatter.go:280.41,281.63 1 1
newrelic-grafana-plugin/pkg/formatter/formatter.go:281.63,283.4 1 0
newrelic-grafana-plugin/pkg/formatter/formatter.go:283.9,285.4 1 1
newrelic-grafana-plugin/pkg/formatter/formatter.go:287.2,287.14 1 1
newrelic-grafana-plugin/pkg/formatter/formatter.go:291.95,292.39 1 1
newrelic-grafana-plugin/pkg/formatter/formatter.go:292.39,293.31 1 1
newrelic-grafana-plugin/pkg/formatter/formatter.go:293.31,294.48 1 1
newrelic-grafana-plugin/pkg/formatter/formatter.go:295.17,297.44 2 1
newrelic-grafana-plugin/pkg/formatter/formatter.go:297.44,298.52 1 1
newrelic-grafana-plugin/pkg/formatter/formatter.go:298.52,300.7 1 1
newrelic-grafana-plugin/pkg/formatter/formatter.go:302.5,302.79 1 1
newrelic-grafana-plugin/pkg/formatter/formatter.go:303.12,306.44 2 0
newrelic-grafana-plugin/pkg/formatter/formatter.go:306.44,307.34 1 0
newrelic-grafana-plugin/pkg/formatter/formatter.go:307.34,309.7 1 0
newrelic-grafana-plugin/pkg/formatter/formatter.go:311.5,311.79 1 0
newrelic-grafana-plugin/pkg/handler/query_handler.go:28.45,29.18 1 1
newrelic-grafana-plugin/pkg/handler/query_handler.go:29.18,31.3 1 1
newrelic-grafana-plugin/pkg/handler/query_handler.go:32.2,32.79 1 1
newrelic-grafana-plugin/pkg/handler/query_handler.go:35.45,37.2 1 0
newrelic-grafana-plugin/pkg/handler/query_handler.go:41.154,42.21 1 1
newrelic-grafana-plugin/pkg/handler/query_handler.go:42.21,44.3 1 1
newrelic-grafana-plugin/pkg/handler/query_handler.go:45.2,45.25 1 1
newrelic-grafana-plugin/pkg/handler/query_handler.go:45.25,47.3 1 1
newrelic-grafana-plugin/pkg/handler/query_handler.go:48.2,48.20 1 1
newrelic-grafana-plugin/pkg/handler/query_handler.go:48.20,50.3 1 1
newrelic-grafana-plugin/pkg/handler/query_handler.go:52.2,54.16 3 1
newrelic-grafana-plugin/pkg/handler/query_handler.go:54.16,56.3 1 1
newrelic-grafana-plugin/pkg/handler/query_handler.go:57.2,57.21 1 1
newrelic-grafana-plugin/pkg/handler/query_handler.go:61.155,66.56 3 1
newrelic-grafana-plugin/pkg/handler/query_handler.go:66.56,70.3 3 1
newrelic-grafana-plugin/pkg/handler/query_handler.go:72.2,75.24 3 1
newrelic-grafana-plugin/pkg/handler/query_handler.go:75.24,77.3 1 1
newrelic-grafana-plugin/pkg/handler/query_handler.go:80.2,80.71 1 1
newrelic-grafana-plugin/pkg/handler/query_handler.go:80.71,84.3 3 0
newrelic-grafana-plugin/pkg/handler/query_handler.go:86.2,87.22 2 1
newrelic-grafana-plugin/pkg/handler/query_handler.go:87.22,89.3 1 1
newrelic-grafana-plugin/pkg/handler/query_handler.go:91.2,92.16 2 1
newrelic-grafana-plugin/pkg/handler/query_handler.go:92.16,96.3 3 1
newrelic-grafana-plugin/pkg/handler/query_handler.go:98.2,98.53 1 1
newrelic-grafana-plugin/pkg/metrics/metrics.go:36.53,38.16 2 1
newrelic-grafana-plugin/pkg/metrics/metrics.go:38.16,40.3 1 1
newrelic-grafana-plugin/pkg/metrics/metrics.go:43.2,52.66 6 1
newrelic-grafana-plugin/pkg/metrics/metrics.go:56.35,58.2 1 1
newrelic-grafana-plugin/pkg/metrics/metrics.go:61.35,63.2 1 1
newrelic-grafana-plugin/pkg/metrics/metrics.go:66.28,75.2 1 1
newrelic-grafana-plugin/pkg/metrics/metrics.go:78.21,85.2 6 1
newrelic-grafana-plugin/pkg/models/settings.go:20.46,21.18 1 1
newrelic-grafana-plugin/pkg/models/settings.go:21.18,23.18 1 0
newrelic-grafana-plugin/pkg/models/settings.go:23.18,25.4 1 0
newrelic-grafana-plugin/pkg/models/settings.go:26.3,26.34 1 0
newrelic-grafana-plugin/pkg/models/settings.go:29.2,29.14 1 1
newrelic-grafana-plugin/pkg/models/settings.go:32.46,34.2 1 1
newrelic-grafana-plugin/pkg/models/settings.go:68.99,71.16 3 1
newrelic-grafana-plugin/pkg/models/settings.go:71.16,73.3 1 1
newrelic-grafana-plugin/pkg/models/settings.go:75.2,77.16 2 1
newrelic-grafana-plugin/pkg/models/settings.go:77.16,79.3 1 1
newrelic-grafana-plugin/pkg/models/settings.go:81.2,83.23 2 1
newrelic-grafana-plugin/pkg/models/settings.go:87.88,90.18 2 1
newrelic-grafana-plugin/pkg/models/settings.go:90.18,92.3 1 1
newrelic-grafana-plugin/pkg/models/settings.go:94.2,95.24 2 1
newrelic-grafana-plugin/pkg/models/settings.go:95.24,97.3 1 1
newrelic-grafana-plugin/pkg/models/settings.go:99.2,100.16 2 1
newrelic-grafana-plugin/pkg/models/settings.go:100.16,102.3 1 1
newrelic-grafana-plugin/pkg/models/settings.go:104.2,107.8 1 1
newrelic-grafana-plugin/pkg/validator/validation.go:18.68,19.21 1 1
newrelic-grafana-plugin/pkg/validator/validation.go:19.21,21.3 1 1
newrelic-grafana-plugin/pkg/validator/validation.go:23.2,23.29 1 1
newrelic-grafana-plugin/pkg/validator/validation.go:23.29,25.3 1 1
newrelic-grafana-plugin/pkg/validator/validation.go:27.2,27.35 1 1
newrelic-grafana-plugin/pkg/validator/validation.go:27.35,29.3 1 1
newrelic-grafana-plugin/pkg/validator/validation.go:31.2,31.37 1 1
newrelic-grafana-plugin/pkg/validator/validation.go:31.37,33.3 1 1
newrelic-grafana-plugin/pkg/validator/validation.go:35.2,35.12 1 1
newrelic-grafana-plugin/pkg/validator/validation.go:39.146,40.21 1 1
newrelic-grafana-plugin/pkg/validator/validation.go:40.21,45.3 1 1
newrelic-grafana-plugin/pkg/validator/validation.go:48.2,48.57 1 1
newrelic-grafana-plugin/pkg/validator/validation.go:48.57,53.3 1 0
newrelic-grafana-plugin/pkg/validator/validation.go:56.2,57.16 2 1
newrelic-grafana-plugin/pkg/validator/validation.go:57.16,58.21 1 1
newrelic-grafana-plugin/pkg/validator/validation.go:59.34,63.10 1 1
newrelic-grafana-plugin/pkg/validator/validation.go:64.11,68.10 1 1
newrelic-grafana-plugin/pkg/validator/validation.go:72.2,75.8 1 1
newrelic-grafana-plugin/pkg/ratelimit/ratelimit.go:22.68,29.2 1 1
newrelic-grafana-plugin/pkg/ratelimit/ratelimit.go:32.56,43.20 7 1
newrelic-grafana-plugin/pkg/ratelimit/ratelimit.go:43.20,46.3 2 1
newrelic-grafana-plugin/pkg/ratelimit/ratelimit.go:49.2,52.9 2 1
newrelic-grafana-plugin/pkg/ratelimit/ratelimit.go:53.30,55.13 2 1
newrelic-grafana-plugin/pkg/ratelimit/ratelimit.go:56.20,57.19 1 1
newrelic-grafana-plugin/pkg/ratelimit/ratelimit.go:61.32,62.11 1 1
newrelic-grafana-plugin/pkg/ratelimit/ratelimit.go:62.11,64.3 1 1
newrelic-grafana-plugin/pkg/ratelimit/ratelimit.go:65.2,65.10 1 1
newrelic-grafana-plugin/pkg/plugin/datasource.go:41.117,43.2 1 1
newrelic-grafana-plugin/pkg/plugin/datasource.go:47.32,49.2 1 1
newrelic-grafana-plugin/pkg/plugin/datasource.go:61.120,66.16 4 1
newrelic-grafana-plugin/pkg/plugin/datasource.go:66.16,69.3 2 0
newrelic-grafana-plugin/pkg/plugin/datasource.go:71.2,71.65 1 1
newrelic-grafana-plugin/pkg/plugin/datasource.go:71.65,74.3 2 0
newrelic-grafana-plugin/pkg/plugin/datasource.go:76.2,77.16 2 1
newrelic-grafana-plugin/pkg/plugin/datasource.go:77.16,80.3 2 0
newrelic-grafana-plugin/pkg/plugin/datasource.go:83.2,91.32 3 1
newrelic-grafana-plugin/pkg/plugin/datasource.go:91.32,92.36 1 1
newrelic-grafana-plugin/pkg/plugin/datasource.go:92.36,98.4 2 1
newrelic-grafana-plugin/pkg/plugin/datasource.go:102.2,102.40 1 1
newrelic-grafana-plugin/pkg/plugin/datasource.go:102.40,105.3 2 1
newrelic-grafana-plugin/pkg/plugin/datasource.go:107.2,107.22 1 1
newrelic-grafana-plugin/pkg/plugin/datasource.go:120.124,126.16 3 1
newrelic-grafana-plugin/pkg/plugin/datasource.go:126.16,135.3 2 1
newrelic-grafana-plugin/pkg/plugin/datasource.go:138.2,138.26 1 1
